INFO:root:Exportable guy
INFO:root:Module guy: Person
INFO:root:Exportable guy
INFO:root:Module guy: Person
INFO:root:Exportable guy
INFO:root:Exportable guy
INFO:root:Exportable guy
INFO:root:Module guy: Person
INFO:root:Exportable guy
INFO:root:Exportable guy
INFO:root:Exportable guy
INFO:root:Module guy: Person
INFO:root:Exportable guy
INFO:root:Exportable guy
INFO:root:Model guy: First Name
INFO:root:Exportable guy
INFO:root:Model guy: Last Name
INFO:root:Exportable guy
INFO:root:Model guy: Phone Number
INFO:root:Exportable guy
INFO:root:Model guy: Identification Type
INFO:root:Exportable guy
INFO:root:Model guy: Identification Number
INFO:root:Exportable guy
INFO:root:Module guy: Organisaton
INFO:root:Exportable guy
INFO:root:Exportable guy
INFO:root:Model guy: Name
INFO:root:Exportable guy
INFO:root:Model guy: Vertical
INFO:root:Exportable guy
INFO:root:Exportable guy
INFO:root:Module guy: Person
INFO:root:Exportable guy
INFO:root:Exportable guy
INFO:root:Model guy: First Name
INFO:root:Exportable guy
INFO:root:Model guy: Last Name
INFO:root:Exportable guy
INFO:root:Model guy: Phone Number
INFO:root:Exportable guy
INFO:root:Model guy: Identification Type
INFO:root:Exportable guy
INFO:root:Model guy: Identification Number
INFO:root:Exportable guy
INFO:root:Module guy: Organisaton
INFO:root:Exportable guy
INFO:root:Exportable guy
INFO:root:Model guy: Name
INFO:root:Exportable guy
INFO:root:Model guy: Vertical
INFO:root:Exportable guy
INFO:root:*** BUILD STARTED ***


INFO:root:Exportable guy
INFO:root:Module guy: Person
INFO:root:Exportable guy
INFO:root:Exportable guy
INFO:root:Field guy: First Name
INFO:root:Exportable guy
INFO:root:Field guy: Last Name
INFO:root:Exportable guy
INFO:root:Field guy: Phone Number
INFO:root:Exportable guy
INFO:root:Field guy: Identification Type
INFO:root:Exportable guy
INFO:root:Field guy: Identification Number
INFO:root:Exportable guy
INFO:root:Module guy: Organisaton
INFO:root:Exportable guy
INFO:root:Exportable guy
INFO:root:Field guy: Name
INFO:root:Exportable guy
INFO:root:Field guy: Vertical
INFO:root:Exportable guy
INFO:root:*** BUILD ENDED ***


INFO:root:

*** BUILD STARTED ***
INFO:root:Exportable guy
INFO:root:Module guy: Person
INFO:root:Exportable guy
INFO:root:Exportable guy
INFO:root:Field guy: First Name
INFO:root:Exportable guy
INFO:root:Field guy: Last Name
INFO:root:Exportable guy
INFO:root:Field guy: Phone Number
INFO:root:Exportable guy
INFO:root:Field guy: Identification Type
INFO:root:Exportable guy
INFO:root:Field guy: Identification Number
INFO:root:Exportable guy
INFO:root:Module guy: Organisaton
INFO:root:Exportable guy
INFO:root:Exportable guy
INFO:root:Field guy: Name
INFO:root:Exportable guy
INFO:root:Field guy: Vertical
INFO:root:Exportable guy
INFO:root:*** BUILD ENDED ***
INFO:root:

*** BUILD STARTED ***
INFO:root:Exportable guy
INFO:root:Module guy: Person
INFO:root:Exportable guy
INFO:root:Exportable guy
INFO:root:Field guy: First Name
INFO:root:Exportable guy
INFO:root:Field guy: Last Name
INFO:root:Exportable guy
INFO:root:Field guy: Phone Number
INFO:root:Exportable guy
INFO:root:Field guy: Identification Type
INFO:root:Exportable guy
INFO:root:Field guy: Identification Number
INFO:root:Exportable guy
INFO:root:Module guy: Organisaton
INFO:root:Exportable guy
INFO:root:Exportable guy
INFO:root:Field guy: Name
INFO:root:Exportable guy
INFO:root:Field guy: Vertical
INFO:root:Exportable guy
INFO:root:*** BUILD ENDED ***
